[14-Feb-2023 09:55:47 UTC] PHP Warning:  copy(C:/Users/Venus/Venus-Profile/wp-json/wp/v2/pages/2/index.html): Failed to open stream: No such file or directory in C:\Users\Venus\Local Sites\profile\app\public\wp-content\plugins\simply-static\src\tasks\class-ss-transfer-files-locally-task.php on line 91
[14-Feb-2023 09:55:47 UTC] PHP Warning:  copy(C:/Users/Venus/Venus-Profile/wp-json/wp/v2/posts/1/index.html): Failed to open stream: No such file or directory in C:\Users\Venus\Local Sites\profile\app\public\wp-content\plugins\simply-static\src\tasks\class-ss-transfer-files-locally-task.php on line 91
[14-Feb-2023 09:55:47 UTC] PHP Warning:  copy(C:/Users/Venus/Venus-Profile/wp-json/wp/v2/categories/1/index.html): Failed to open stream: No such file or directory in C:\Users\Venus\Local Sites\profile\app\public\wp-content\plugins\simply-static\src\tasks\class-ss-transfer-files-locally-task.php on line 91
[14-Feb-2023 09:58:52 UTC] PHP Warning:  copy(C:/Users/Venus/Venus-Profile/wp-json/wp/v2/pages/2/index.html): Failed to open stream: No such file or directory in C:\Users\Venus\Local Sites\profile\app\public\wp-content\plugins\simply-static\src\tasks\class-ss-transfer-files-locally-task.php on line 91
[14-Feb-2023 13:47:38 UTC] Sync process for Gutenberg Blocks has started.
[14-Feb-2023 13:47:38 UTC] CATEGORY:Importing categories..
[14-Feb-2023 13:47:39 UTC] CATEGORY:Storing in option ast-block-templates-categories
[14-Feb-2023 13:47:39 UTC] CATEGORY:Completed category import.
[14-Feb-2023 13:47:39 UTC] BLOCK: Getting Total Blocks
[14-Feb-2023 13:47:39 UTC] BLOCK: https://websitedemos.net/wp-json/astra-blocks/v1/get-blocks-count/?page_builder=gutenberg&wireframe=yes
[14-Feb-2023 13:47:40 UTC] BLOCK: Requests count 4
[14-Feb-2023 13:47:40 UTC] BLOCK: Importing request 1 ..
[14-Feb-2023 13:47:40 UTC] BLOCK: https://websitedemos.net/wp-json/astra-blocks/v1/blocks/?page_builder=gutenberg&per_page=100&page=1&wireframe=yes
[14-Feb-2023 13:47:41 UTC] BLOCK: Storing in option ast-block-templates-blocks-1
[14-Feb-2023 13:47:41 UTC] BLOCK: Completed request 1
[14-Feb-2023 13:47:41 UTC] BLOCK: Importing request 2 ..
[14-Feb-2023 13:47:41 UTC] BLOCK: https://websitedemos.net/wp-json/astra-blocks/v1/blocks/?page_builder=gutenberg&per_page=100&page=2&wireframe=yes
[14-Feb-2023 13:47:42 UTC] BLOCK: Storing in option ast-block-templates-blocks-2
[14-Feb-2023 13:47:42 UTC] BLOCK: Completed request 2
[14-Feb-2023 13:47:42 UTC] BLOCK: Importing request 3 ..
[14-Feb-2023 13:47:42 UTC] BLOCK: https://websitedemos.net/wp-json/astra-blocks/v1/blocks/?page_builder=gutenberg&per_page=100&page=3&wireframe=yes
[14-Feb-2023 13:47:43 UTC] BLOCK: Storing in option ast-block-templates-blocks-3
[14-Feb-2023 13:47:43 UTC] BLOCK: Completed request 3
[14-Feb-2023 13:47:43 UTC] BLOCK: Importing request 4 ..
[14-Feb-2023 13:47:43 UTC] BLOCK: https://websitedemos.net/wp-json/astra-blocks/v1/blocks/?page_builder=gutenberg&per_page=100&page=4&wireframe=yes
[14-Feb-2023 13:47:44 UTC] BLOCK: Storing in option ast-block-templates-blocks-4
[14-Feb-2023 13:47:44 UTC] BLOCK: Completed request 4
[14-Feb-2023 13:47:44 UTC] SITE: Getting Total Sites
[14-Feb-2023 13:47:44 UTC] SITE: https://websitedemos.net/wp-json/astra-sites/v1/get-total-pages/?page_builder=gutenberg
[14-Feb-2023 13:47:45 UTC] SITE: Request count 2
[14-Feb-2023 13:47:45 UTC] SITE: Importing request 1 ..
[14-Feb-2023 13:47:45 UTC] SITE: https://websitedemos.net/wp-json/astra-sites/v1/sites-and-pages/?per_page=100&page=1&page-builder=gutenberg
[14-Feb-2023 13:47:46 UTC] SITE: Storing in option ast-block-templates-sites-1
[14-Feb-2023 13:47:46 UTC] SITE: Completed request 1
[14-Feb-2023 13:47:46 UTC] SITE: Importing request 2 ..
[14-Feb-2023 13:47:46 UTC] SITE: https://websitedemos.net/wp-json/astra-sites/v1/sites-and-pages/?per_page=100&page=2&page-builder=gutenberg
[14-Feb-2023 13:47:48 UTC] SITE: Storing in option ast-block-templates-sites-2
[14-Feb-2023 13:47:48 UTC] SITE: Completed request 2
[14-Feb-2023 13:47:48 UTC] Sync process for Gutenberg Blocks is done.
[14-Feb-2023 13:56:35 UTC] Cron reschedule event error for hook: action_scheduler_run_queue, Error code: invalid_schedule, Error message: Event schedule does not exist., Data: {"schedule":"every_minute","args":["WP Cron"],"interval":60}
